<?xml version="1.0" encoding="UTF-8"?>
<!-- Generated by org.testng.reporters.JUnitReportReporter -->
<testsuite hostname="LAPTOP-20485NC4" failures="0" tests="2" name="basic.testcase.SampleLoggingGenerator" time="0.141" errors="0" timestamp="2022-07-08T12:57:25 IST" skipped="0">
  <testcase classname="basic.testcase.SampleLoggingGenerator" name="REST_TEST01" time="0.122"/>
  <testcase classname="basic.testcase.SampleLoggingGenerator" name="REST_TEST02" time="0.019"/>
</testsuite> <!-- basic.testcase.SampleLoggingGenerator -->
