<?xml version="1.0" encoding="UTF-8"?>
<!-- Generated by org.testng.reporters.JUnitReportReporter -->
<testsuite hostname="LAPTOP-20485NC4" failures="0" tests="2" name="basic.testcase.createRepoTest" time="7.175" errors="0" timestamp="2022-07-08T15:59:34 IST" skipped="0">
  <testcase classname="basic.testcase.createRepoTest" name="deleteRepoPOJO" time="0.951"/>
  <testcase classname="basic.testcase.createRepoTest" name="createRepositoryTestCase" time="6.224"/>
</testsuite> <!-- basic.testcase.createRepoTest -->
